This is pdfTeX, Version 3.141592653-2.6-1.40.24 (TeX Live 2022) (preloaded format=pdflatex 2022.5.12)  16 MAY 2022 19:57
entering extended mode
 restricted \write18 enabled.
 %&-line parsing enabled.
**proj2.tex
(./proj2.tex
LaTeX2e <2021-11-15> patch level 1
L3 programming layer <2022-05-04> (/Users/pham/Library/TinyTeX/texmf-dist/tex/latex/base/article.cls
Document Class: article 2021/10/04 v1.4n Standard LaTeX document class
(/Users/pham/Library/TinyTeX/texmf-dist/tex/latex/base/size10.clo
File: size10.clo 2021/10/04 v1.4n Standard LaTeX file (size option)
)
\c@part=\count185
\c@section=\count186
\c@subsection=\count187
\c@subsubsection=\count188
\c@paragraph=\count189
\c@subparagraph=\count190
\c@figure=\count191
\c@table=\count192
\abovecaptionskip=\skip47
\belowcaptionskip=\skip48
\bibindent=\dimen138
) (/Users/pham/Library/TinyTeX/texmf-dist/tex/latex/amsmath/amsmath.sty
Package: amsmath 2021/10/15 v2.17l AMS math features
\@mathmargin=\skip49
For additional information on amsmath, use the `?' option.
(/Users/pham/Library/TinyTeX/texmf-dist/tex/latex/amsmath/amstext.sty
Package: amstext 2021/08/26 v2.01 AMS text
(/Users/pham/Library/TinyTeX/texmf-dist/tex/latex/amsmath/amsgen.sty
File: amsgen.sty 1999/11/30 v2.0 generic functions
\@emptytoks=\toks16
\ex@=\dimen139
)) (/Users/pham/Library/TinyTeX/texmf-dist/tex/latex/amsmath/amsbsy.sty
Package: amsbsy 1999/11/29 v1.2d Bold Symbols
\pmbraise@=\dimen140
) (/Users/pham/Library/TinyTeX/texmf-dist/tex/latex/amsmath/amsopn.sty
Package: amsopn 2021/08/26 v2.02 operator names
)
\inf@bad=\count193
LaTeX Info: Redefining \frac on input line 234.
\uproot@=\count194
\leftroot@=\count195
LaTeX Info: Redefining \overline on input line 399.
\classnum@=\count196
\DOTSCASE@=\count197
LaTeX Info: Redefining \ldots on input line 496.
LaTeX Info: Redefining \dots on input line 499.
LaTeX Info: Redefining \cdots on input line 620.
\Mathstrutbox@=\box50
\strutbox@=\box51
\big@size=\dimen141
LaTeX Font Info:    Redeclaring font encoding OML on input line 743.
LaTeX Font Info:    Redeclaring font encoding OMS on input line 744.
\macc@depth=\count198
\c@MaxMatrixCols=\count199
\dotsspace@=\muskip16
\c@parentequation=\count266
\dspbrk@lvl=\count267
\tag@help=\toks17
\row@=\count268
\column@=\count269
\maxfields@=\count270
\andhelp@=\toks18
\eqnshift@=\dimen142
\alignsep@=\dimen143
\tagshift@=\dimen144
\tagwidth@=\dimen145
\totwidth@=\dimen146
\lineht@=\dimen147
\@envbody=\toks19
\multlinegap=\skip50
\multlinetaggap=\skip51
\mathdisplay@stack=\toks20
LaTeX Info: Redefining \[ on input line 2938.
LaTeX Info: Redefining \] on input line 2939.
) (/Users/pham/Library/TinyTeX/texmf-dist/tex/latex/amsfonts/amssymb.sty
Package: amssymb 2013/01/14 v3.01 AMS font symbols
(/Users/pham/Library/TinyTeX/texmf-dist/tex/latex/amsfonts/amsfonts.sty
Package: amsfonts 2013/01/14 v3.01 Basic AMSFonts support
\symAMSa=\mathgroup4
\symAMSb=\mathgroup5
LaTeX Font Info:    Redeclaring math symbol \hbar on input line 98.
LaTeX Font Info:    Overwriting math alphabet `\mathfrak' in version `bold'
(Font)                  U/euf/m/n --> U/euf/b/n on input line 106.
)) (/Users/pham/Library/TinyTeX/texmf-dist/tex/latex/psnfss/mathpazo.sty
Package: mathpazo 2020/03/25 PSNFSS-v9.3 Palatino w/ Pazo Math (D.Puga, WaS) 
\symupright=\mathgroup6
) (/Users/pham/Library/TinyTeX/texmf-dist/tex/generic/iftex/iftex.sty
Package: iftex 2022/02/03 v1.0f TeX engine tests
) (/Users/pham/Library/TinyTeX/texmf-dist/tex/latex/base/fontenc.sty
Package: fontenc 2021/04/29 v2.0v Standard LaTeX package
LaTeX Font Info:    Trying to load font information for T1+ppl on input line 112.
(/Users/pham/Library/TinyTeX/texmf-dist/tex/latex/psnfss/t1ppl.fd
File: t1ppl.fd 2001/06/04 font definitions for T1/ppl.
)) (/Users/pham/Library/TinyTeX/texmf-dist/tex/latex/base/inputenc.sty
Package: inputenc 2021/02/14 v1.3d Input encoding file
\inpenc@prehook=\toks21
\inpenc@posthook=\toks22
) (/Users/pham/Library/TinyTeX/texmf-dist/tex/latex/base/textcomp.sty
Package: textcomp 2020/02/02 v2.0n Standard LaTeX package
) (/Users/pham/Library/TinyTeX/texmf-dist/tex/latex/xcolor/xcolor.sty
Package: xcolor 2021/10/31 v2.13 LaTeX color extensions (UK)
(/Users/pham/Library/TinyTeX/texmf-dist/tex/latex/graphics-cfg/color.cfg
File: color.cfg 2016/01/02 v1.6 sample color configuration
)
Package xcolor Info: Driver file: pdftex.def on input line 227.
(/Users/pham/Library/TinyTeX/texmf-dist/tex/latex/graphics-def/pdftex.def
File: pdftex.def 2020/10/05 v1.2a Graphics/color driver for pdftex
)
Package xcolor Info: Model `cmy' substituted by `cmy0' on input line 1352.
Package xcolor Info: Model `hsb' substituted by `rgb' on input line 1356.
Package xcolor Info: Model `RGB' extended on input line 1368.
Package xcolor Info: Model `HTML' substituted by `rgb' on input line 1370.
Package xcolor Info: Model `Hsb' substituted by `hsb' on input line 1371.
Package xcolor Info: Model `tHsb' substituted by `hsb' on input line 1372.
Package xcolor Info: Model `HSB' substituted by `hsb' on input line 1373.
Package xcolor Info: Model `Gray' substituted by `gray' on input line 1374.
Package xcolor Info: Model `wave' substituted by `hsb' on input line 1375.
) (/Users/pham/Library/TinyTeX/texmf-dist/tex/latex/geometry/geometry.sty
Package: geometry 2020/01/02 v5.9 Page Geometry
(/Users/pham/Library/TinyTeX/texmf-dist/tex/latex/graphics/keyval.sty
Package: keyval 2014/10/28 v1.15 key=value parser (DPC)
\KV@toks@=\toks23
) (/Users/pham/Library/TinyTeX/texmf-dist/tex/generic/iftex/ifvtex.sty
Package: ifvtex 2019/10/25 v1.7 ifvtex legacy package. Use iftex instead.
)
\Gm@cnth=\count271
\Gm@cntv=\count272
\c@Gm@tempcnt=\count273
\Gm@bindingoffset=\dimen148
\Gm@wd@mp=\dimen149
\Gm@odd@mp=\dimen150
\Gm@even@mp=\dimen151
\Gm@layoutwidth=\dimen152
\Gm@layoutheight=\dimen153
\Gm@layouthoffset=\dimen154
\Gm@layoutvoffset=\dimen155
\Gm@dimlist=\toks24
) (/Users/pham/Library/TinyTeX/texmf-dist/tex/latex/fancyvrb/fancyvrb.sty
Package: fancyvrb 2022/04/12 4.2 verbatim text (tvz,hv)
\FV@CodeLineNo=\count274
\FV@InFile=\read2
\FV@TabBox=\box52
\c@FancyVerbLine=\count275
\FV@StepNumber=\count276
\FV@OutFile=\write3
) (/Users/pham/Library/TinyTeX/texmf-dist/tex/latex/framed/framed.sty
Package: framed 2011/10/22 v 0.96: framed or shaded text with page breaks
\OuterFrameSep=\skip52
\fb@frw=\dimen156
\fb@frh=\dimen157
\FrameRule=\dimen158
\FrameSep=\dimen159
) (/Users/pham/Library/TinyTeX/texmf-dist/tex/latex/graphics/graphicx.sty
Package: graphicx 2021/09/16 v1.2d Enhanced LaTeX Graphics (DPC,SPQR)
(/Users/pham/Library/TinyTeX/texmf-dist/tex/latex/graphics/graphics.sty
Package: graphics 2021/03/04 v1.4d Standard LaTeX Graphics (DPC,SPQR)
(/Users/pham/Library/TinyTeX/texmf-dist/tex/latex/graphics/trig.sty
Package: trig 2021/08/11 v1.11 sin cos tan (DPC)
) (/Users/pham/Library/TinyTeX/texmf-dist/tex/latex/graphics-cfg/graphics.cfg
File: graphics.cfg 2016/06/04 v1.11 sample graphics configuration
)
Package graphics Info: Driver file: pdftex.def on input line 107.
)
\Gin@req@height=\dimen160
\Gin@req@width=\dimen161
) (/Users/pham/Library/TinyTeX/texmf-dist/tex/latex/hyperref/hyperref.sty
Package: hyperref 2022-05-13 v7.00o Hypertext links for LaTeX
(/Users/pham/Library/TinyTeX/texmf-dist/tex/generic/ltxcmds/ltxcmds.sty
Package: ltxcmds 2020-05-10 v1.25 LaTeX kernel commands for general use (HO)
) (/Users/pham/Library/TinyTeX/texmf-dist/tex/generic/pdftexcmds/pdftexcmds.sty
Package: pdftexcmds 2020-06-27 v0.33 Utility functions of pdfTeX for LuaTeX (HO)
(/Users/pham/Library/TinyTeX/texmf-dist/tex/generic/infwarerr/infwarerr.sty
Package: infwarerr 2019/12/03 v1.5 Providing info/warning/error messages (HO)
)
Package pdftexcmds Info: \pdf@primitive is available.
Package pdftexcmds Info: \pdf@ifprimitive is available.
Package pdftexcmds Info: \pdfdraftmode found.
) (/Users/pham/Library/TinyTeX/texmf-dist/tex/generic/kvsetkeys/kvsetkeys.sty
Package: kvsetkeys 2019/12/15 v1.18 Key value parser (HO)
) (/Users/pham/Library/TinyTeX/texmf-dist/tex/generic/kvdefinekeys/kvdefinekeys.sty
Package: kvdefinekeys 2019-12-19 v1.6 Define keys (HO)
) (/Users/pham/Library/TinyTeX/texmf-dist/tex/generic/pdfescape/pdfescape.sty
Package: pdfescape 2019/12/09 v1.15 Implements pdfTeX's escape features (HO)
) (/Users/pham/Library/TinyTeX/texmf-dist/tex/latex/hycolor/hycolor.sty
Package: hycolor 2020-01-27 v1.10 Color options for hyperref/bookmark (HO)
) (/Users/pham/Library/TinyTeX/texmf-dist/tex/latex/letltxmacro/letltxmacro.sty
Package: letltxmacro 2019/12/03 v1.6 Let assignment for LaTeX macros (HO)
) (/Users/pham/Library/TinyTeX/texmf-dist/tex/latex/auxhook/auxhook.sty
Package: auxhook 2019-12-17 v1.6 Hooks for auxiliary files (HO)
) (/Users/pham/Library/TinyTeX/texmf-dist/tex/latex/kvoptions/kvoptions.sty
Package: kvoptions 2020-10-07 v3.14 Key value format for package options (HO)
)
\@linkdim=\dimen162
\Hy@linkcounter=\count277
\Hy@pagecounter=\count278
(/Users/pham/Library/TinyTeX/texmf-dist/tex/latex/hyperref/pd1enc.def
File: pd1enc.def 2022-05-13 v7.00o Hyperref: PDFDocEncoding definition (HO)
Now handling font encoding PD1 ...
... no UTF-8 mapping file for font encoding PD1
) (/Users/pham/Library/TinyTeX/texmf-dist/tex/generic/intcalc/intcalc.sty
Package: intcalc 2019/12/15 v1.3 Expandable calculations with integers (HO)
) (/Users/pham/Library/TinyTeX/texmf-dist/tex/generic/etexcmds/etexcmds.sty
Package: etexcmds 2019/12/15 v1.7 Avoid name clashes with e-TeX commands (HO)
)
\Hy@SavedSpaceFactor=\count279
(/Users/pham/Library/TinyTeX/texmf-dist/tex/latex/hyperref/puenc.def
File: puenc.def 2022-05-13 v7.00o Hyperref: PDF Unicode definition (HO)
Now handling font encoding PU ...
... no UTF-8 mapping file for font encoding PU
)
Package hyperref Info: Option `unicode' set `true' on input line 4023.
Package hyperref Info: Hyper figures OFF on input line 4142.
Package hyperref Info: Link nesting OFF on input line 4147.
Package hyperref Info: Hyper index ON on input line 4150.
Package hyperref Info: Plain pages OFF on input line 4157.
Package hyperref Info: Backreferencing OFF on input line 4162.
Package hyperref Info: Implicit mode ON; LaTeX internals redefined.
Package hyperref Info: Bookmarks ON on input line 4395.
\c@Hy@tempcnt=\count280
(/Users/pham/Library/TinyTeX/texmf-dist/tex/latex/url/url.sty
\Urlmuskip=\muskip17
Package: url 2013/09/16  ver 3.4  Verb mode for urls, etc.
)
LaTeX Info: Redefining \url on input line 4742.
\XeTeXLinkMargin=\dimen163
(/Users/pham/Library/TinyTeX/texmf-dist/tex/generic/bitset/bitset.sty
Package: bitset 2019/12/09 v1.3 Handle bit-vector datatype (HO)
(/Users/pham/Library/TinyTeX/texmf-dist/tex/generic/bigintcalc/bigintcalc.sty
Package: bigintcalc 2019/12/15 v1.5 Expandable calculations on big integers (HO)
))
\Fld@menulength=\count281
\Field@Width=\dimen164
\Fld@charsize=\dimen165
Package hyperref Info: Hyper figures OFF on input line 6020.
Package hyperref Info: Link nesting OFF on input line 6025.
Package hyperref Info: Hyper index ON on input line 6028.
Package hyperref Info: backreferencing OFF on input line 6035.
Package hyperref Info: Link coloring OFF on input line 6040.
Package hyperref Info: Link coloring with OCG OFF on input line 6045.
Package hyperref Info: PDF/A mode OFF on input line 6050.
LaTeX Info: Redefining \ref on input line 6097.
LaTeX Info: Redefining \pageref on input line 6097.
(/Users/pham/Library/TinyTeX/texmf-dist/tex/latex/base/atbegshi-ltx.sty
Package: atbegshi-ltx 2021/01/10 v1.0c Emulation of the original atbegshi
package with kernel methods
)
\Hy@abspage=\count282
\c@Item=\count283
\c@Hfootnote=\count284
)
Package hyperref Info: Driver (autodetected): hpdftex.
(/Users/pham/Library/TinyTeX/texmf-dist/tex/latex/hyperref/hpdftex.def
File: hpdftex.def 2022-05-13 v7.00o Hyperref driver for pdfTeX
(/Users/pham/Library/TinyTeX/texmf-dist/tex/latex/base/atveryend-ltx.sty
Package: atveryend-ltx 2020/08/19 v1.0a Emulation of the original atveryend package
with kernel methods
)
\Fld@listcount=\count285
\c@bookmark@seq@number=\count286
(/Users/pham/Library/TinyTeX/texmf-dist/tex/latex/rerunfilecheck/rerunfilecheck.sty
Package: rerunfilecheck 2019/12/05 v1.9 Rerun checks for auxiliary files (HO)
(/Users/pham/Library/TinyTeX/texmf-dist/tex/generic/uniquecounter/uniquecounter.sty
Package: uniquecounter 2019/12/15 v1.4 Provide unlimited unique counter (HO)
)
Package uniquecounter Info: New unique counter `rerunfilecheck' on input line 286.
)
\Hy@SectionHShift=\skip53
) (/Users/pham/Library/TinyTeX/texmf-dist/tex/latex/l3backend/l3backend-pdftex.def
File: l3backend-pdftex.def 2022-04-20 L3 backend support: PDF output (pdfTeX)
\l__color_backend_stack_int=\count287
\l__pdf_internal_box=\box53
)

LaTeX Warning: Unused global option(s):
    [10.5pt].

(./proj2.aux)
\openout1 = `proj2.aux'.

LaTeX Font Info:    Checking defaults for OML/cmm/m/it on input line 112.
LaTeX Font Info:    ... okay on input line 112.
LaTeX Font Info:    Checking defaults for OMS/cmsy/m/n on input line 112.
LaTeX Font Info:    ... okay on input line 112.
LaTeX Font Info:    Checking defaults for OT1/cmr/m/n on input line 112.
LaTeX Font Info:    ... okay on input line 112.
LaTeX Font Info:    Checking defaults for T1/cmr/m/n on input line 112.
LaTeX Font Info:    ... okay on input line 112.
LaTeX Font Info:    Checking defaults for TS1/cmr/m/n on input line 112.
LaTeX Font Info:    ... okay on input line 112.
LaTeX Font Info:    Checking defaults for OMX/cmex/m/n on input line 112.
LaTeX Font Info:    ... okay on input line 112.
LaTeX Font Info:    Checking defaults for U/cmr/m/n on input line 112.
LaTeX Font Info:    ... okay on input line 112.
LaTeX Font Info:    Checking defaults for PD1/pdf/m/n on input line 112.
LaTeX Font Info:    ... okay on input line 112.
LaTeX Font Info:    Checking defaults for PU/pdf/m/n on input line 112.
LaTeX Font Info:    ... okay on input line 112.
(/Users/pham/Library/TinyTeX/texmf-dist/tex/latex/epstopdf-pkg/epstopdf-base.sty
Package: epstopdf-base 2020-01-24 v2.11 Base part for package epstopdf
Package epstopdf-base Info: Redefining graphics rule for `.eps' on input line 485.
(/Users/pham/Library/TinyTeX/texmf-dist/tex/latex/latexconfig/epstopdf-sys.cfg
File: epstopdf-sys.cfg 2010/07/13 v1.3 Configuration of (r)epstopdf for TeX Live
))
*geometry* driver: auto-detecting
*geometry* detected driver: pdftex
*geometry* verbose mode - [ preamble ] result:
* driver: pdftex
* paper: <default>
* layout: <same size as paper>
* layoutoffset:(h,v)=(0.0pt,0.0pt)
* modes: 
* h-part:(L,W,R)=(72.26999pt, 469.75502pt, 72.26999pt)
* v-part:(T,H,B)=(72.26999pt, 650.43001pt, 72.26999pt)
* \paperwidth=614.295pt
* \paperheight=794.96999pt
* \textwidth=469.75502pt
* \textheight=650.43001pt
* \oddsidemargin=0.0pt
* \evensidemargin=0.0pt
* \topmargin=-37.0pt
* \headheight=12.0pt
* \headsep=25.0pt
* \topskip=10.0pt
* \footskip=30.0pt
* \marginparwidth=65.0pt
* \marginparsep=11.0pt
* \columnsep=10.0pt
* \skip\footins=9.0pt plus 4.0pt minus 2.0pt
* \hoffset=0.0pt
* \voffset=0.0pt
* \mag=1000
* \@twocolumnfalse
* \@twosidefalse
* \@mparswitchfalse
* \@reversemarginfalse
* (1in=72.27pt=25.4mm, 1cm=28.453pt)

Package hyperref Info: Link coloring OFF on input line 112.
(/Users/pham/Library/TinyTeX/texmf-dist/tex/latex/hyperref/nameref.sty
Package: nameref 2022-05-13 v2.48 Cross-referencing by name of section
(/Users/pham/Library/TinyTeX/texmf-dist/tex/latex/refcount/refcount.sty
Package: refcount 2019/12/15 v3.6 Data extraction from label references (HO)
) (/Users/pham/Library/TinyTeX/texmf-dist/tex/generic/gettitlestring/gettitlestring.sty
Package: gettitlestring 2019/12/15 v1.6 Cleanup title references (HO)
)
\c@section@level=\count288
) (./proj2.out) (./proj2.out)
\@outlinefile=\write4
\openout4 = `proj2.out'.

LaTeX Font Info:    Trying to load font information for OT1+ppl on input line 114.
(/Users/pham/Library/TinyTeX/texmf-dist/tex/latex/psnfss/ot1ppl.fd
File: ot1ppl.fd 2001/06/04 font definitions for OT1/ppl.
)
LaTeX Font Info:    Trying to load font information for OML+zplm on input line 114.
(/Users/pham/Library/TinyTeX/texmf-dist/tex/latex/psnfss/omlzplm.fd
File: omlzplm.fd 2002/09/08 Fontinst v1.914 font definitions for OML/zplm.
)
LaTeX Font Info:    Trying to load font information for OMS+zplm on input line 114.
(/Users/pham/Library/TinyTeX/texmf-dist/tex/latex/psnfss/omszplm.fd
File: omszplm.fd 2002/09/08 Fontinst v1.914 font definitions for OMS/zplm.
)
LaTeX Font Info:    Trying to load font information for OMX+zplm on input line 114.
(/Users/pham/Library/TinyTeX/texmf-dist/tex/latex/psnfss/omxzplm.fd
File: omxzplm.fd 2002/09/08 Fontinst v1.914 font definitions for OMX/zplm.
)
LaTeX Font Info:    Font shape `U/msa/m/n' will be
(Font)              scaled to size 12.50409pt on input line 114.
LaTeX Font Info:    Font shape `U/msa/m/n' will be
(Font)              scaled to size 9.37807pt on input line 114.
LaTeX Font Info:    Font shape `U/msa/m/n' will be
(Font)              scaled to size 7.29405pt on input line 114.
LaTeX Font Info:    Font shape `U/msb/m/n' will be
(Font)              scaled to size 12.50409pt on input line 114.
LaTeX Font Info:    Font shape `U/msb/m/n' will be
(Font)              scaled to size 9.37807pt on input line 114.
LaTeX Font Info:    Font shape `U/msb/m/n' will be
(Font)              scaled to size 7.29405pt on input line 114.
LaTeX Font Info:    Trying to load font information for OT1+zplm on input line 114.
(/Users/pham/Library/TinyTeX/texmf-dist/tex/latex/psnfss/ot1zplm.fd
File: ot1zplm.fd 2002/09/08 Fontinst v1.914 font definitions for OT1/zplm.
)
Overfull \hbox (126.82149pt too wide) in paragraph at lines 114--114
 [][] 
 []

(./proj2.toc
LaTeX Font Info:    Font shape `U/msa/m/n' will be
(Font)              scaled to size 10.42007pt on input line 1.
LaTeX Font Info:    Font shape `U/msa/m/n' will be
(Font)              scaled to size 7.91925pt on input line 1.
LaTeX Font Info:    Font shape `U/msa/m/n' will be
(Font)              scaled to size 6.25204pt on input line 1.
LaTeX Font Info:    Font shape `U/msb/m/n' will be
(Font)              scaled to size 10.42007pt on input line 1.
LaTeX Font Info:    Font shape `U/msb/m/n' will be
(Font)              scaled to size 7.91925pt on input line 1.
LaTeX Font Info:    Font shape `U/msb/m/n' will be
(Font)              scaled to size 6.25204pt on input line 1.
)
\tf@toc=\write5
\openout5 = `proj2.toc'.

[1

{/Users/pham/Library/TinyTeX/texmf-var/fonts/map/pdftex/updmap/pdftex.map}]
LaTeX Font Info:    Trying to load font information for T1+cmtt on input line 126.
(/Users/pham/Library/TinyTeX/texmf-dist/tex/latex/base/t1cmtt.fd
File: t1cmtt.fd 2019/12/16 v2.5j Standard LaTeX font definitions
)
LaTeX Font Info:    Trying to load font information for TS1+cmtt on input line 127.
(/Users/pham/Library/TinyTeX/texmf-dist/tex/latex/base/ts1cmtt.fd
File: ts1cmtt.fd 2019/12/16 v2.5j Standard LaTeX font definitions
) [2]
LaTeX Font Info:    Trying to load font information for TS1+ppl on input line 222.
(/Users/pham/Library/TinyTeX/texmf-dist/tex/latex/psnfss/ts1ppl.fd
File: ts1ppl.fd 2001/06/04 font definitions for TS1/ppl.
) [3]
LaTeX Font Info:    Font shape `T1/cmtt/bx/n' in size <10> not available
(Font)              Font shape `T1/cmtt/m/n' tried instead on input line 344.
[4] [5] [6]
Overfull \hbox (81.3604pt too wide) in paragraph at lines 514--514
[]\T1/cmtt/m/n/10 ## `Financial Assistance` ~ ns(X.Award.Year., 4) + ns(X.Geocoding.Artifact.Address.Primary.X.Coordinate.,[] 
 []

<proj2_files/figure-latex/unnamed-chunk-9-1.pdf, id=72, 469.755pt x 325.215pt>
File: proj2_files/figure-latex/unnamed-chunk-9-1.pdf Graphic file (type pdf)
<use proj2_files/figure-latex/unnamed-chunk-9-1.pdf>
Package pdftex.def Info: proj2_files/figure-latex/unnamed-chunk-9-1.pdf  used on input line 535.
(pdftex.def)             Requested size: 469.75386pt x 325.2142pt.
[7] [8 <./proj2_files/figure-latex/unnamed-chunk-9-1.pdf>]
Overfull \hbox (128.59886pt too wide) in paragraph at lines 702--702
[]\T1/cmtt/m/n/10 ## Model 1: `Financial Assistance` ~ ns(X.Award.Year., 4) + ns(X.Geocoding.Artifact.Address.Primary.X.Coordinate.,[] 
 []


Overfull \hbox (128.59886pt too wide) in paragraph at lines 702--702
[]\T1/cmtt/m/n/10 ## Model 2: `Financial Assistance` ~ ns(X.Award.Year., 4) + ns(X.Geocoding.Artifact.Address.Primary.X.Coordinate.,[] 
 []


Overfull \hbox (18.37578pt too wide) in paragraph at lines 702--702
[]\T1/cmtt/m/n/10 ##     4) + X.Grantee.County.Description.Borough + X.Grantee.County.Description.Census.Area +[] 
 []


Overfull \hbox (7.87834pt too wide) in paragraph at lines 702--702
[]\T1/cmtt/m/n/10 ##     X.Grantee.County.Description.Municipality + X.Grantee.County.Description.Municipio +[] 
 []


Overfull \hbox (2.62962pt too wide) in paragraph at lines 702--702
[]\T1/cmtt/m/n/10 ##     X.Grantee.County.Description.Not.Determined + X.Grantee.County.Description.Parish +[] 
 []

[9]
Overfull \hbox (23.6245pt too wide) in paragraph at lines 702--702
[]\T1/cmtt/m/n/10 ##     X.State.Name.Pennsylvania + X.State.Name.Puerto.Rico + X.State.Name.Republic.of.Palau +[] 
 []


Overfull \hbox (34.12193pt too wide) in paragraph at lines 702--702
[]\T1/cmtt/m/n/10 ##     X.HRSA.Program.Area.Name.Health.Workforce + X.HRSA.Program.Area.Name.Healthcare.Systems +[] 
 []


Overfull \hbox (28.87321pt too wide) in paragraph at lines 702--702
[]\T1/cmtt/m/n/10 ##     X.HRSA.Program.Area.Name.HIV.AIDS + X.HRSA.Program.Area.Name.Maternal.and.Child.Health +[] 
 []


Overfull \hbox (97.10655pt too wide) in paragraph at lines 702--702
[]\T1/cmtt/m/n/10 ##     X.HRSA.Program.Area.Name.Office.of.the.Administrator + X.HRSA.Program.Area.Name.Primary.Health.Care +[] 
 []


Overfull \hbox (118.10143pt too wide) in paragraph at lines 702--702
[]\T1/cmtt/m/n/10 ##     X.HRSA.Program.Area.Name.Rural.Health + X.HRSA.Program.Area.Name.Special.Initiatives.and.Other.Programs +[] 
 []

[10]
Overfull \hbox (23.6245pt too wide) in paragraph at lines 702--702
[]\T1/cmtt/m/n/10 ##     X.Congressional.District.Number.XX + X.U.S....Mexico.Border.100.Kilometer.Indicator.N +[] 
 []


Overfull \hbox (60.36552pt too wide) in paragraph at lines 702--702
[]\T1/cmtt/m/n/10 ##     X.U.S....Mexico.Border.100.Kilometer.Indicator.Y + X.U.S....Mexico.Border.County.Indicator.N +[] 
 []


Overfull \hbox (107.60399pt too wide) in paragraph at lines 702--702
[]\T1/cmtt/m/n/10 ##     X.Grantee.Type.Description.Foreign.Government + X.Grantee.Type.Description.International.Organization +[] 
 []


Overfull \hbox (81.3604pt too wide) in paragraph at lines 702--702
[]\T1/cmtt/m/n/10 ##     X.Grantee.Type.Description.Sole.Proprietorship + X.Grantee.Type.Description.U.S..Government.Entity[] 
 []

<proj2_files/figure-latex/unnamed-chunk-12-1.pdf, id=100, 469.755pt x 325.215pt>
File: proj2_files/figure-latex/unnamed-chunk-12-1.pdf Graphic file (type pdf)
<use proj2_files/figure-latex/unnamed-chunk-12-1.pdf>
Package pdftex.def Info: proj2_files/figure-latex/unnamed-chunk-12-1.pdf  used on input line 750.
(pdftex.def)             Requested size: 469.75386pt x 325.2142pt.
[11]
<proj2_files/figure-latex/unnamed-chunk-12-2.pdf, id=107, 469.755pt x 325.215pt>
File: proj2_files/figure-latex/unnamed-chunk-12-2.pdf Graphic file (type pdf)
<use proj2_files/figure-latex/unnamed-chunk-12-2.pdf>
Package pdftex.def Info: proj2_files/figure-latex/unnamed-chunk-12-2.pdf  used on input line 782.
(pdftex.def)             Requested size: 469.75386pt x 325.2142pt.
[12 <./proj2_files/figure-latex/unnamed-chunk-12-1.pdf>] [13 <./proj2_files/figure-latex/unnamed-chunk-12-2.pdf>] [14]
<proj2_files/figure-latex/unnamed-chunk-15-1.pdf, id=141, 469.755pt x 325.215pt>
File: proj2_files/figure-latex/unnamed-chunk-15-1.pdf Graphic file (type pdf)
<use proj2_files/figure-latex/unnamed-chunk-15-1.pdf>
Package pdftex.def Info: proj2_files/figure-latex/unnamed-chunk-15-1.pdf  used on input line 926.
(pdftex.def)             Requested size: 469.75386pt x 325.2142pt.
<proj2_files/figure-latex/unnamed-chunk-16-1.pdf, id=142, 469.755pt x 325.215pt>
File: proj2_files/figure-latex/unnamed-chunk-16-1.pdf Graphic file (type pdf)
<use proj2_files/figure-latex/unnamed-chunk-16-1.pdf>
Package pdftex.def Info: proj2_files/figure-latex/unnamed-chunk-16-1.pdf  used on input line 938.
(pdftex.def)             Requested size: 469.75386pt x 325.2142pt.
[15 <./proj2_files/figure-latex/unnamed-chunk-15-1.pdf>]
<proj2_files/figure-latex/unnamed-chunk-17-1.pdf, id=153, 469.755pt x 325.215pt>
File: proj2_files/figure-latex/unnamed-chunk-17-1.pdf Graphic file (type pdf)
<use proj2_files/figure-latex/unnamed-chunk-17-1.pdf>
Package pdftex.def Info: proj2_files/figure-latex/unnamed-chunk-17-1.pdf  used on input line 952.
(pdftex.def)             Requested size: 469.75386pt x 325.2142pt.
[16 <./proj2_files/figure-latex/unnamed-chunk-16-1.pdf>]
<proj2_files/figure-latex/unnamed-chunk-18-1.pdf, id=164, 469.755pt x 325.215pt>
File: proj2_files/figure-latex/unnamed-chunk-18-1.pdf Graphic file (type pdf)
<use proj2_files/figure-latex/unnamed-chunk-18-1.pdf>
Package pdftex.def Info: proj2_files/figure-latex/unnamed-chunk-18-1.pdf  used on input line 967.
(pdftex.def)             Requested size: 469.75386pt x 325.2142pt.
[17 <./proj2_files/figure-latex/unnamed-chunk-17-1.pdf>] [18 <./proj2_files/figure-latex/unnamed-chunk-18-1.pdf>]
<proj2_files/figure-latex/unnamed-chunk-21-1.pdf, id=186, 469.755pt x 325.215pt>
File: proj2_files/figure-latex/unnamed-chunk-21-1.pdf Graphic file (type pdf)
<use proj2_files/figure-latex/unnamed-chunk-21-1.pdf>
Package pdftex.def Info: proj2_files/figure-latex/unnamed-chunk-21-1.pdf  used on input line 1047.
(pdftex.def)             Requested size: 469.75386pt x 325.2142pt.

Underfull \hbox (badness 10000) in paragraph at lines 1047--1052
[][]
 []

[19] [20 <./proj2_files/figure-latex/unnamed-chunk-21-1.pdf>]
<proj2_files/figure-latex/unnamed-chunk-24-1.pdf, id=203, 469.755pt x 325.215pt>
File: proj2_files/figure-latex/unnamed-chunk-24-1.pdf Graphic file (type pdf)
<use proj2_files/figure-latex/unnamed-chunk-24-1.pdf>
Package pdftex.def Info: proj2_files/figure-latex/unnamed-chunk-24-1.pdf  used on input line 1115.
(pdftex.def)             Requested size: 469.75386pt x 325.2142pt.

Underfull \hbox (badness 10000) in paragraph at lines 1115--1117
[][]
 []

[21 <./proj2_files/figure-latex/unnamed-chunk-24-1.pdf>]
<proj2_files/figure-latex/unnamed-chunk-25-1.pdf, id=213, 469.755pt x 325.215pt>
File: proj2_files/figure-latex/unnamed-chunk-25-1.pdf Graphic file (type pdf)
<use proj2_files/figure-latex/unnamed-chunk-25-1.pdf>
Package pdftex.def Info: proj2_files/figure-latex/unnamed-chunk-25-1.pdf  used on input line 1125.
(pdftex.def)             Requested size: 469.75386pt x 325.2142pt.
<proj2_files/figure-latex/unnamed-chunk-26-1.pdf, id=214, 469.755pt x 325.215pt>
File: proj2_files/figure-latex/unnamed-chunk-26-1.pdf Graphic file (type pdf)
<use proj2_files/figure-latex/unnamed-chunk-26-1.pdf>
Package pdftex.def Info: proj2_files/figure-latex/unnamed-chunk-26-1.pdf  used on input line 1136.
(pdftex.def)             Requested size: 469.75386pt x 325.2142pt.

Underfull \hbox (badness 10000) in paragraph at lines 1136--1138
[][]
 []

[22 <./proj2_files/figure-latex/unnamed-chunk-25-1.pdf>] [23 <./proj2_files/figure-latex/unnamed-chunk-26-1.pdf>]
<proj2_files/figure-latex/unnamed-chunk-31-1.pdf, id=236, 469.755pt x 325.215pt>
File: proj2_files/figure-latex/unnamed-chunk-31-1.pdf Graphic file (type pdf)
<use proj2_files/figure-latex/unnamed-chunk-31-1.pdf>
Package pdftex.def Info: proj2_files/figure-latex/unnamed-chunk-31-1.pdf  used on input line 1241.
(pdftex.def)             Requested size: 469.75386pt x 325.2142pt.
[24]
<proj2_files/figure-latex/unnamed-chunk-32-1.pdf, id=241, 469.755pt x 325.215pt>
File: proj2_files/figure-latex/unnamed-chunk-32-1.pdf Graphic file (type pdf)
<use proj2_files/figure-latex/unnamed-chunk-32-1.pdf>
Package pdftex.def Info: proj2_files/figure-latex/unnamed-chunk-32-1.pdf  used on input line 1251.
(pdftex.def)             Requested size: 469.75386pt x 325.2142pt.
[25 <./proj2_files/figure-latex/unnamed-chunk-31-1.pdf>] [26 <./proj2_files/figure-latex/unnamed-chunk-32-1.pdf>]
<proj2_files/figure-latex/unnamed-chunk-36-1.pdf, id=265, 469.755pt x 325.215pt>
File: proj2_files/figure-latex/unnamed-chunk-36-1.pdf Graphic file (type pdf)
<use proj2_files/figure-latex/unnamed-chunk-36-1.pdf>
Package pdftex.def Info: proj2_files/figure-latex/unnamed-chunk-36-1.pdf  used on input line 1310.
(pdftex.def)             Requested size: 469.75386pt x 325.2142pt.
[27 <./proj2_files/figure-latex/unnamed-chunk-36-1.pdf>]
<proj2_files/figure-latex/unnamed-chunk-38-1.pdf, id=275, 469.755pt x 325.215pt>
File: proj2_files/figure-latex/unnamed-chunk-38-1.pdf Graphic file (type pdf)
<use proj2_files/figure-latex/unnamed-chunk-38-1.pdf>
Package pdftex.def Info: proj2_files/figure-latex/unnamed-chunk-38-1.pdf  used on input line 1355.
(pdftex.def)             Requested size: 469.75386pt x 325.2142pt.
<proj2_files/figure-latex/unnamed-chunk-39-1.pdf, id=276, 469.755pt x 325.215pt>
File: proj2_files/figure-latex/unnamed-chunk-39-1.pdf Graphic file (type pdf)
<use proj2_files/figure-latex/unnamed-chunk-39-1.pdf>
Package pdftex.def Info: proj2_files/figure-latex/unnamed-chunk-39-1.pdf  used on input line 1367.
(pdftex.def)             Requested size: 469.75386pt x 325.2142pt.
[28 <./proj2_files/figure-latex/unnamed-chunk-38-1.pdf>] [29 <./proj2_files/figure-latex/unnamed-chunk-39-1.pdf>]
Overfull \hbox (70.86296pt too wide) in paragraph at lines 1485--1485
[]\T1/cmtt/m/n/10 ##  randomForest(formula = quality ~ ., data = wine, mtry = 11, importance = TRUE,      subset = train)[] 
 []

[30]
<proj2_files/figure-latex/unnamed-chunk-44-1.pdf, id=302, 469.755pt x 325.215pt>
File: proj2_files/figure-latex/unnamed-chunk-44-1.pdf Graphic file (type pdf)
<use proj2_files/figure-latex/unnamed-chunk-44-1.pdf>
Package pdftex.def Info: proj2_files/figure-latex/unnamed-chunk-44-1.pdf  used on input line 1495.
(pdftex.def)             Requested size: 469.75386pt x 325.2142pt.

Underfull \hbox (badness 10000) in paragraph at lines 1495--1498
[][]
 []

[31 <./proj2_files/figure-latex/unnamed-chunk-44-1.pdf>]
<proj2_files/figure-latex/unnamed-chunk-50-1.pdf, id=314, 469.755pt x 325.215pt>
File: proj2_files/figure-latex/unnamed-chunk-50-1.pdf Graphic file (type pdf)
<use proj2_files/figure-latex/unnamed-chunk-50-1.pdf>
Package pdftex.def Info: proj2_files/figure-latex/unnamed-chunk-50-1.pdf  used on input line 1587.
(pdftex.def)             Requested size: 469.75386pt x 325.2142pt.
[32]
<proj2_files/figure-latex/unnamed-chunk-52-1.pdf, id=319, 469.755pt x 325.215pt>
File: proj2_files/figure-latex/unnamed-chunk-52-1.pdf Graphic file (type pdf)
<use proj2_files/figure-latex/unnamed-chunk-52-1.pdf>
Package pdftex.def Info: proj2_files/figure-latex/unnamed-chunk-52-1.pdf  used on input line 1612.
(pdftex.def)             Requested size: 469.75386pt x 325.2142pt.
[33 <./proj2_files/figure-latex/unnamed-chunk-50-1.pdf>]
<proj2_files/figure-latex/unnamed-chunk-53-1.pdf, id=331, 469.755pt x 325.215pt>
File: proj2_files/figure-latex/unnamed-chunk-53-1.pdf Graphic file (type pdf)
<use proj2_files/figure-latex/unnamed-chunk-53-1.pdf>
Package pdftex.def Info: proj2_files/figure-latex/unnamed-chunk-53-1.pdf  used on input line 1638.
(pdftex.def)             Requested size: 469.75386pt x 325.2142pt.
[34 <./proj2_files/figure-latex/unnamed-chunk-52-1.pdf>]
<proj2_files/figure-latex/unnamed-chunk-53-2.pdf, id=342, 469.755pt x 325.215pt>
File: proj2_files/figure-latex/unnamed-chunk-53-2.pdf Graphic file (type pdf)
<use proj2_files/figure-latex/unnamed-chunk-53-2.pdf>
Package pdftex.def Info: proj2_files/figure-latex/unnamed-chunk-53-2.pdf  used on input line 1646.
(pdftex.def)             Requested size: 469.75386pt x 325.2142pt.
[35 <./proj2_files/figure-latex/unnamed-chunk-53-1.pdf>] [36 <./proj2_files/figure-latex/unnamed-chunk-53-2.pdf>] (./proj2.aux)
Package rerunfilecheck Info: File `proj2.out' has not changed.
(rerunfilecheck)             Checksum: 5D01F49F8D4B7EA7E77FA51CB27E567F;913.
 ) 
Here is how much of TeX's memory you used:
 11250 strings out of 480260
 179266 string characters out of 5893586
 472333 words of memory out of 5000000
 28919 multiletter control sequences out of 15000+600000
 496505 words of font info for 93 fonts, out of 8000000 for 9000
 14 hyphenation exceptions out of 8191
 60i,6n,63p,542b,470s stack positions out of 10000i,1000n,20000p,200000b,200000s
{/Users/pham/Library/TinyTeX/texmf-dist/fonts/enc/dvips/base/8r.enc} </Users/pham/Library/TinyTeX/texmf-var/fonts/pk/ljfour/jknappen/ec/tcit1000.600pk> </Users/pham/Library/TinyTeX/texmf-var/fonts/pk/ljfour/jknappen/ec/ecit1000.600pk> </Users/pham/Library/TinyTeX/texmf-var/fonts/pk/ljfour/jknappen/ec/tctt1000.600pk> </Users/pham/Library/TinyTeX/texmf-var/fonts/pk/ljfour/jknappen/ec/ectt1000.600pk></Users/pham/Library/TinyTeX/texmf-dist/fonts/type1/public/amsfonts/cm/cmr10.pfb></Users/pham/Library/TinyTeX/texmf-dist/fonts/type1/urw/palatino/uplb8a.pfb></Users/pham/Library/TinyTeX/texmf-dist/fonts/type1/urw/palatino/uplr8a.pfb></Users/pham/Library/TinyTeX/texmf-dist/fonts/type1/urw/palatino/uplri8a.pfb>
Output written on proj2.pdf (36 pages, 5149622 bytes).
PDF statistics:
 551 PDF objects out of 1000 (max. 8388607)
 317 compressed objects within 4 object streams
 60 named destinations out of 1000 (max. 500000)
 162 words of extra memory for PDF output out of 10000 (max. 10000000)

